[debug] [2021-08-01T15:47:22.749Z] ----------------------------------------------------------------------
[debug] [2021-08-01T15:47:22.750Z] Command:       /usr/local/bin/node /usr/local/bin/firebase deploy
[debug] [2021-08-01T15:47:22.750Z] CLI Version:   7.16.0
[debug] [2021-08-01T15:47:22.750Z] Platform:      darwin
[debug] [2021-08-01T15:47:22.750Z] Node Version:  v14.17.3
[debug] [2021-08-01T15:47:22.752Z] Time:          Sun Aug 01 2021 21:17:22 GMT+0530 (India Standard Time)
[debug] [2021-08-01T15:47:22.752Z] ----------------------------------------------------------------------
[debug] [2021-08-01T15:47:22.752Z] 
[debug] [2021-08-01T15:47:22.768Z] > command requires scopes: ["email","openid","https://www.googleapis.com/auth/cloudplatformprojects.readonly","https://www.googleapis.com/auth/firebase","https://www.googleapis.com/auth/cloud-platform"]
[debug] [2021-08-01T15:47:22.769Z] > authorizing via signed-in user
[debug] [2021-08-01T15:47:22.769Z] [iam] checking project mm-arts for permissions ["firebase.projects.get","firebasehosting.sites.update"]
[debug] [2021-08-01T15:47:22.771Z] > refreshing access token with scopes: ["email","https://www.googleapis.com/auth/cloud-platform","https://www.googleapis.com/auth/cloudplatformprojects.readonly","https://www.googleapis.com/auth/firebase","openid"]
[debug] [2021-08-01T15:47:22.771Z] >>> HTTP REQUEST POST https://www.googleapis.com/oauth2/v3/token  
 <request body omitted>
[debug] [2021-08-01T15:47:23.068Z] <<< HTTP RESPONSE 200
[debug] [2021-08-01T15:47:23.079Z] >>> HTTP REQUEST POST https://cloudresourcemanager.googleapis.com/v1/projects/mm-arts:testIamPermissions  

[debug] [2021-08-01T15:47:24.655Z] <<< HTTP RESPONSE 200
[debug] [2021-08-01T15:47:24.657Z] >>> HTTP REQUEST GET https://firebase.googleapis.com/v1beta1/projects/mm-arts  
 
[debug] [2021-08-01T15:47:25.364Z] <<< HTTP RESPONSE 200
[debug] [2021-08-01T15:47:25.365Z] [WARNING] Unable to fetch default resources. Falling back to project id (mm-arts)
[info] 
[info] === Deploying to 'mm-arts'...
[info] 
[info] i  deploying hosting
[debug] [2021-08-01T15:47:25.368Z] >>> HTTP REQUEST POST https://firebasehosting.googleapis.com/v1beta1/sites/mm-arts/versions  

